<?xml version="1.0" encoding="UTF-8"?>
<testsuite name="krescere.jipsayobackend.JipsayoBackendApplicationTests" tests="1" skipped="0" failures="0" errors="0" timestamp="2022-12-23T07:18:24" hostname="HYUNHO-DESKTOP" time="0.0">
  <properties/>
  <testcase name="contextLoads" classname="krescere.jipsayobackend.JipsayoBackendApplicationTests" time="0.0"/>
  <system-out><![CDATA[]]></system-out>
  <system-err><![CDATA[]]></system-err>
</testsuite>
