<?xml version="1.0" encoding="UTF-8"?>
<testsuite name="krescere.jipsayobackend.controller.ResearchControllerTest" tests="1" skipped="0" failures="0" errors="0" timestamp="2022-12-23T07:18:24" hostname="HYUNHO-DESKTOP" time="0.065">
  <properties/>
  <testcase name="설문조사_저장" classname="krescere.jipsayobackend.controller.ResearchControllerTest" time="0.065"/>
  <system-out><![CDATA[2022-12-23 16:18:24.314  INFO 8372 --- [    Test worker] .b.t.c.SpringBootTestContextBootstrapper : Neither @ContextConfiguration nor @ContextHierarchy found for test class [krescere.jipsayobackend.controller.ResearchControllerTest], using SpringBootContextLoader
2022-12-23 16:18:24.315  INFO 8372 --- [    Test worker] o.s.t.c.support.AbstractContextLoader    : Could not detect default resource locations for test class [krescere.jipsayobackend.controller.ResearchControllerTest]: no resource found for suffixes {-context.xml, Context.groovy}.
2022-12-23 16:18:24.315  INFO 8372 --- [    Test worker] t.c.s.AnnotationConfigContextLoaderUtils : Could not detect default configuration classes for test class [krescere.jipsayobackend.controller.ResearchControllerTest]: ResearchControllerTest does not declare any static, non-private, non-final, nested classes annotated with @Configuration.
2022-12-23 16:18:24.317  INFO 8372 --- [    Test worker] .b.t.c.SpringBootTestContextBootstrapper : Found @SpringBootConfiguration krescere.jipsayobackend.Main for test class krescere.jipsayobackend.controller.ResearchControllerTest
2022-12-23 16:18:24.317  INFO 8372 --- [    Test worker] .b.t.c.SpringBootTestContextBootstrapper : Loaded default TestExecutionListener class names from location [META-INF/spring.factories]: [org.springframework.security.test.context.support.WithSecurityContextTestExecutionListener, org.springframework.security.test.context.support.ReactorContextTestExecutionListener, org.springframework.boot.test.autoconfigure.restdocs.RestDocsTestExecutionListener, org.springframework.boot.test.autoconfigure.web.client.MockRestServiceServerResetTestExecutionListener, org.springframework.boot.test.autoconfigure.web.servlet.MockMvcPrintOnlyOnFailureTestExecutionListener, org.springframework.boot.test.autoconfigure.web.servlet.WebDriverTestExecutionListener, org.springframework.boot.test.mock.mockito.MockitoTestExecutionListener, org.springframework.boot.test.mock.mockito.ResetMocksTestExecutionListener, org.springframework.test.context.web.ServletTestExecutionListener, org.springframework.test.context.support.DirtiesContextBeforeModesTestExecutionListener, org.springframework.test.context.support.DependencyInjectionTestExecutionListener, org.springframework.test.context.support.DirtiesContextTestExecutionListener, org.springframework.test.context.transaction.TransactionalTestExecutionListener, org.springframework.test.context.jdbc.SqlScriptsTestExecutionListener]
2022-12-23 16:18:24.318  INFO 8372 --- [    Test worker] .b.t.c.SpringBootTestContextBootstrapper : Using TestExecutionListeners: [org.springframework.test.context.web.ServletTestExecutionListener@23e0b938, org.springframework.test.context.support.DirtiesContextBeforeModesTestExecutionListener@7053b64b, org.springframework.boot.test.mock.mockito.MockitoTestExecutionListener@7f5b0926, org.springframework.boot.test.autoconfigure.SpringBootDependencyInjectionTestExecutionListener@6eac71db, org.springframework.test.context.support.DirtiesContextTestExecutionListener@48a32c4f, org.springframework.test.context.transaction.TransactionalTestExecutionListener@25af2afe, org.springframework.test.context.jdbc.SqlScriptsTestExecutionListener@21a1554, org.springframework.security.test.context.support.WithSecurityContextTestExecutionListener@f359e65, org.springframework.security.test.context.support.ReactorContextTestExecutionListener@5ea50a98, org.springframework.boot.test.autoconfigure.restdocs.RestDocsTestExecutionListener@2812368, org.springframework.boot.test.autoconfigure.web.client.MockRestServiceServerResetTestExecutionListener@50e336d9, org.springframework.boot.test.autoconfigure.web.servlet.MockMvcPrintOnlyOnFailureTestExecutionListener@73864c16, org.springframework.boot.test.autoconfigure.web.servlet.WebDriverTestExecutionListener@5016934, org.springframework.boot.test.mock.mockito.ResetMocksTestExecutionListener@e10809f]
2022-12-23 16:18:24.324  INFO 8372 --- [    Test worker] o.s.t.c.transaction.TransactionContext   : Began transaction (1) for test context [DefaultTestContext@7b3d3d3d testClass = ResearchControllerTest, testInstance = krescere.jipsayobackend.controller.ResearchControllerTest@1eff74f2, testMethod = 설문조사_저장@ResearchControllerTest, testException = [null], mergedContextConfiguration = [WebMergedContextConfiguration@2b57dc2 testClass = ResearchControllerTest, locations = '{}', classes = '{class krescere.jipsayobackend.Main}', contextInitializerClasses = '[]', activeProfiles = '{}', propertySourceLocations = '{}', propertySourceProperties = '{org.springframework.boot.test.context.SpringBootTestContextBootstrapper=true, server.port=0}', contextCustomizers = set[org.springframework.boot.test.autoconfigure.properties.PropertyMappingContextCustomizer@0, org.springframework.boot.test.autoconfigure.web.servlet.WebDriverContextCustomizerFactory$Customizer@6bffbc6d, org.springframework.boot.test.context.filter.ExcludeFilterContextCustomizer@3ad2e17, org.springframework.boot.test.json.DuplicateJsonObjectContextCustomizerFactory$DuplicateJsonObjectContextCustomizer@6f63b475, org.springframework.boot.test.mock.mockito.MockitoContextCustomizer@0, org.springframework.boot.test.web.client.TestRestTemplateContextCustomizer@740d2e78], resourceBasePath = 'src/main/webapp', contextLoader = 'org.springframework.boot.test.context.SpringBootContextLoader', parent = [null]], attributes = map['org.springframework.test.context.web.ServletTestExecutionListener.activateListener' -> false]]; transaction manager [org.springframework.orm.jpa.JpaTransactionManager@5e1e19af]; rollback [true]
2022-12-23 16:18:24.325  INFO 8372 --- [    Test worker] o.a.c.c.C.[Tomcat].[localhost].[/]       : Initializing Spring TestDispatcherServlet ''
2022-12-23 16:18:24.325  INFO 8372 --- [    Test worker] o.s.t.web.servlet.TestDispatcherServlet  : Initializing Servlet ''
2022-12-23 16:18:24.327  INFO 8372 --- [    Test worker] o.s.t.web.servlet.TestDispatcherServlet  : Completed initialization in 2 ms
Hibernate: 
    select
        house0_.id as id1_0_,
        house0_.cost as cost2_0_,
        house0_.created_date as created_3_0_,
        house0_.jibun_address as jibun_ad4_0_,
        house0_.latitude as latitude5_0_,
        house0_.longitude as longitud6_0_,
        house0_.modified_date as modified7_0_,
        house0_.road_address as road_add8_0_ 
    from
        house house0_ 
    where
        house0_.jibun_address=?
Hibernate: 
    insert 
    into
        research
        (created_date, house_id, increase_rate, job, money_per_month, occupation, saved_money) 
    values
        (?, ?, ?, ?, ?, ?, ?)

MockHttpServletRequest:
      HTTP Method = POST
      Request URI = /api/v1/research
       Parameters = {}
          Headers = [Content-Type:"application/json;charset=UTF-8"]
             Body = {"savedMoney":1000,"moneyPerMonth":1000,"jibunAddress":"서울특별시 강남구 역삼동","roadAddress":null,"increaseRate":0.1,"job":"개발자","occupation":"IT"}
    Session Attrs = {}

Handler:
             Type = krescere.jipsayobackend.controller.ResearchController
           Method = public org.springframework.http.ResponseEntity<java.lang.Object> krescere.jipsayobackend.controller.ResearchController.save(krescere.jipsayobackend.dto.ResearchSaveRequest)

Async:
    Async started = false
     Async result = null

Resolved Exception:
             Type = null

ModelAndView:
        View name = null
             View = null
            Model = null

FlashMap:
       Attributes = null

MockHttpServletResponse:
           Status = 201
    Error message = null
          Headers = [Content-Type:"text/plain;charset=UTF-8", Content-Length:"8"]
     Content type = text/plain;charset=UTF-8
             Body = {"id":1}
    Forwarded URL = null
   Redirected URL = null
          Cookies = []
Hibernate: 
    select
        research0_.id as id1_1_,
        research0_.created_date as created_2_1_,
        research0_.house_id as house_id8_1_,
        research0_.increase_rate as increase3_1_,
        research0_.job as job4_1_,
        research0_.money_per_month as money_pe5_1_,
        research0_.occupation as occupati6_1_,
        research0_.saved_money as saved_mo7_1_ 
    from
        research research0_
2022-12-23 16:18:24.386  INFO 8372 --- [    Test worker] o.s.t.c.transaction.TransactionContext   : Rolled back transaction for test: [DefaultTestContext@7b3d3d3d testClass = ResearchControllerTest, testInstance = krescere.jipsayobackend.controller.ResearchControllerTest@1eff74f2, testMethod = 설문조사_저장@ResearchControllerTest, testException = [null], mergedContextConfiguration = [WebMergedContextConfiguration@2b57dc2 testClass = ResearchControllerTest, locations = '{}', classes = '{class krescere.jipsayobackend.Main}', contextInitializerClasses = '[]', activeProfiles = '{}', propertySourceLocations = '{}', propertySourceProperties = '{org.springframework.boot.test.context.SpringBootTestContextBootstrapper=true, server.port=0}', contextCustomizers = set[org.springframework.boot.test.autoconfigure.properties.PropertyMappingContextCustomizer@0, org.springframework.boot.test.autoconfigure.web.servlet.WebDriverContextCustomizerFactory$Customizer@6bffbc6d, org.springframework.boot.test.context.filter.ExcludeFilterContextCustomizer@3ad2e17, org.springframework.boot.test.json.DuplicateJsonObjectContextCustomizerFactory$DuplicateJsonObjectContextCustomizer@6f63b475, org.springframework.boot.test.mock.mockito.MockitoContextCustomizer@0, org.springframework.boot.test.web.client.TestRestTemplateContextCustomizer@740d2e78], resourceBasePath = 'src/main/webapp', contextLoader = 'org.springframework.boot.test.context.SpringBootContextLoader', parent = [null]], attributes = map['org.springframework.test.context.web.ServletTestExecutionListener.activateListener' -> false]]
]]></system-out>
  <system-err><![CDATA[]]></system-err>
</testsuite>
